<?xml version="1.0" encoding="UTF-8"?>
<!-- Generated by org.testng.reporters.JUnitXMLReporter -->
<testsuite ignored="1" hostname="DESKTOP-JCSH58D" failures="0" tests="3" name="Default test" time="8.187" errors="0" timestamp="2025-03-13T20:43:51 IST">
  <testcase classname="day1.HttpRequest" name="postUser" time="6.843"/>
  <testcase classname="day1.HttpRequest" name="putUser" time="0.728"/>
  <testcase classname="day1.HttpRequest" name="deleteUser" time="0.445"/>
  <testcase classname="day1.HttpRequest" name="getUser" time="0.0">
    <ignored/>
  </testcase> <!-- getUser -->
</testsuite> <!-- Default test -->
