<?xml version="1.0" encoding="UTF-8"?>
<!-- Generated by org.testng.reporters.JUnitXMLReporter -->
<testsuite ignored="1" hostname="DESKTOP-JCSH58D" failures="0" tests="1" name="Default test" time="6.122" errors="0" timestamp="2025-03-14T20:21:19 IST">
  <testcase classname="day2.JsonPathResponse" name="jsonPath" time="5.992"/>
  <testcase classname="day2.JsonPathResponse" name="jsonPathReponse" time="0.0">
    <ignored/>
  </testcase> <!-- jsonPathReponse -->
</testsuite> <!-- Default test -->
