<?xml version="1.0" encoding="UTF-8"?>
<testng-results ignored="0" total="1" passed="1" failed="0" skipped="0">
  <reporter-output>
  </reporter-output>
  <suite started-at="2025-03-14T20:21:13 IST" name="Default suite" finished-at="2025-03-14T20:21:19 IST" duration-ms="6122">
    <groups>
    </groups>
    <test started-at="2025-03-14T20:21:13 IST" name="Default test" finished-at="2025-03-14T20:21:19 IST" duration-ms="6122">
      <class name="day2.JsonPathResponse">
        <test-method signature="jsonPath()[pri:0, instance:day2.JsonPathResponse@294425a7]" started-at="2025-03-14T20:21:13 IST" name="jsonPath" finished-at="2025-03-14T20:21:19 IST" duration-ms="5992" status="PASS">
          <reporter-output>
          </reporter-output>
        </test-method> <!-- jsonPath -->
      </class> <!-- day2.JsonPathResponse -->
    </test> <!-- Default test -->
  </suite> <!-- Default suite -->
</testng-results>
