<?xml version="1.0" encoding="UTF-8"?>
<testng-results ignored="0" total="3" passed="3" failed="0" skipped="0">
  <reporter-output>
  </reporter-output>
  <suite started-at="2025-03-13T20:43:43 IST" name="Default suite" finished-at="2025-03-13T20:43:51 IST" duration-ms="8187">
    <groups>
    </groups>
    <test started-at="2025-03-13T20:43:43 IST" name="Default test" finished-at="2025-03-13T20:43:51 IST" duration-ms="8187">
      <class name="day1.HttpRequest">
        <test-method signature="postUser()[pri:1, instance:day1.HttpRequest@9f116cc]" started-at="2025-03-13T20:43:43 IST" name="postUser" finished-at="2025-03-13T20:43:50 IST" duration-ms="6843" status="PASS">
          <reporter-output>
          </reporter-output>
        </test-method> <!-- postUser -->
        <test-method signature="putUser()[pri:2, instance:day1.HttpRequest@9f116cc]" started-at="2025-03-13T20:43:50 IST" name="putUser" finished-at="2025-03-13T20:43:50 IST" depends-on-methods="day1.HttpRequest.postUser" duration-ms="728" status="PASS">
          <reporter-output>
          </reporter-output>
        </test-method> <!-- putUser -->
        <test-method signature="deleteUser()[pri:3, instance:day1.HttpRequest@9f116cc]" started-at="2025-03-13T20:43:50 IST" name="deleteUser" finished-at="2025-03-13T20:43:51 IST" duration-ms="445" status="PASS">
          <reporter-output>
          </reporter-output>
        </test-method> <!-- deleteUser -->
      </class> <!-- day1.HttpRequest -->
    </test> <!-- Default test -->
  </suite> <!-- Default suite -->
</testng-results>
